12/03/2023 23:25:21: Initializing peer 1001
12/03/2023 23:25:21: peer 1001 read commonblock file with: 
perferred neighbor count: 2
unchoking interval: 5
optimistic unchoking interval: 15
filename: cod.jpg
fileszie: 158349
piece size: 16384
12/03/2023 23:25:21: peer 1001has peer info: 
hostname: lin114-00.cise.ufl.edu
port number: 6008
has file: yes
12/03/2023 23:25:21: First log message for peer 1001
12/03/2023 23:25:24: Peer 1001 makes a connection to Peer 1002.
12/03/2023 23:25:24: Peer 1001 is connected from Peer 1002.
12/03/2023 23:25:24: Peer 1001 has downloaded the piece 0 from 1002. Now the number of pieces it has is 1
12/03/2023 23:25:24: Peer 1001 has downloaded the piece 1 from 1002. Now the number of pieces it has is 2
12/03/2023 23:25:24: Peer 1001 has downloaded the piece 2 from 1002. Now the number of pieces it has is 3
12/03/2023 23:25:24: Peer 1001 has downloaded the piece 3 from 1002. Now the number of pieces it has is 4
12/03/2023 23:25:24: Peer 1001 has downloaded the piece 4 from 1002. Now the number of pieces it has is 5
12/03/2023 23:25:24: Peer 1001 has downloaded the piece 5 from 1002. Now the number of pieces it has is 6
12/03/2023 23:25:24: Peer 1001 has downloaded the piece 6 from 1002. Now the number of pieces it has is 7
12/03/2023 23:25:24: Peer 1001 has downloaded the piece 7 from 1002. Now the number of pieces it has is 8
12/03/2023 23:25:24: Peer 1001 has downloaded the complete file.
